#
# A fatal error has been detected by the Java Runtime Environment:
#
#  EXCEPTION_ACCESS_VIOLATION (0xc0000005) at pc=0x0000016272d1ada4, pid=14004, tid=22116
#
# JRE version: Java(TM) SE Runtime Environment (21.0+35) (build 21+35-LTS-2513)
# Java VM: Java HotSpot(TM) 64-Bit Server VM (21+35-LTS-2513, mixed mode, emulated-client, sharing, tiered, compressed oops, compressed class ptrs, g1 gc, windows-amd64)
# Problematic frame:
# v  ~BufferBlob::MethodHandles adapters 0x0000016272d1ada4
#
# No core dump will be written. Minidumps are not enabled by default on client versions of Windows
#
# If you would like to submit a bug report, please visit:
#   https://bugreport.java.com/bugreport/crash.jsp
#

---------------  S U M M A R Y ------------

Command Line: -XX:+ShowCodeDetailsInExceptionMessages -agentlib:jdwp=transport=dt_socket,suspend=y,address=localhost:61955 -Dcom.sun.management.jmxremote -Dcom.sun.management.jmxremote.port=61954 -Dcom.sun.management.jmxremote.authenticate=false -Dcom.sun.management.jmxremote.ssl=false -Djava.rmi.server.hostname=localhost -Dspring.jmx.enabled=true -Dmanagement.endpoints.jmx.exposure.include=* -Dspring.application.admin.enabled=true -XX:TieredStopAtLevel=1 -Dspring.boot.project.name=PayCar -javaagent:C:\Users\buhgo\eclipse\jee-2022-125\eclipse\configuration\org.eclipse.osgi\1367\0\.cp\lib\javaagent-shaded.jar -Dfile.encoding=UTF-8 -Dstdout.encoding=UTF-8 -Dstderr.encoding=UTF-8 com.example.demo.PayCarApplication --spring.output.ansi.enabled=always

Host: 11th Gen Intel(R) Core(TM) i5-11400H @ 2.70GHz, 12 cores, 15G,  Windows 11 , 64 bit Build 22621 (10.0.22621.3527)
Time: Tue May 14 18:54:39 2024 Hora de verano romance elapsed time: 93.537349 seconds (0d 0h 1m 33s)

---------------  T H R E A D  ---------------

Current thread (0x0000016247f3f870):  JavaThread "http-nio-8080-exec-2" daemon [_thread_in_Java, id=22116, stack(0x00000002ea900000,0x00000002eaa00000) (1024K)]

Stack: [0x00000002ea900000,0x00000002eaa00000],  sp=0x00000002ea9fb8f8,  free space=1006k
Native frames: (J=compiled Java code, j=interpreted, Vv=VM code, C=native code)
C  0x0000016272d1ada4

The last pc belongs to _linkToVirtual (printed below).

siginfo: EXCEPTION_ACCESS_VIOLATION (0xc0000005), reading address 0x0000016904e3f38a


Registers:
RAX=0x0000016272ce958b, RBX=0x0000000707454a20, RCX=0x00000002ea9fb900, RDX=0x0000000000000002
RSP=0x00000002ea9fb8f8, RBP=0x00000002ea9fb948, RSI=0x0000016245bb0738, RDI=0x00000162473f90b0
R8 =0x0000000000000004, R9 =0x0000000000000004, R10=0x000001620072b04a, R11=0x00000000e08e282f
R12=0x0000000000000000, R13=0x00000002ea9fb8f8, R14=0x00000002ea9fb968, R15=0x0000016247f3f870
RIP=0x0000016272d1ada4, EFLAGS=0x0000000000010202


Register to memory mapping:

RAX=0x0000016272ce958b is at code_begin+4363 in an Interpreter codelet
return entry points  [0x0000016272ce8480, 0x0000016272cea298]  7704 bytes
RBX=0x0000000707454a20 is an oop: com.example.demo.controller.ChatController 
{0x0000000707454a20} - klass: 'com/example/demo/controller/ChatController'
 - ---- fields (total size 3 words):
 - private 'mensajeService' 'Lcom/example/demo/service/MensajeService;' @12  a 'com/example/demo/service/impl/MensajeServiceImpl'{0x00000007075d7658} (0xe0ebaecb)
 - private 'usuarioService' 'Lcom/example/demo/service/UsuarioService;' @16  a 'com/example/demo/service/impl/UsuarioServiceImpl'{0x0000000704714178} (0xe08e282f)
RCX=0x00000002ea9fb900 is pointing into the stack for thread: 0x0000016247f3f870
RDX=0x0000000000000002 is an unknown value
RSP=0x00000002ea9fb8f8 is pointing into the stack for thread: 0x0000016247f3f870
RBP=0x00000002ea9fb948 is pointing into the stack for thread: 0x0000016247f3f870
RSI=0x0000016245bb0738 points into unknown readable memory: 0x8000066aeeb9bdd5 | d5 bd b9 ee 6a 06 00 80
RDI=0x00000162473f90b0 points into unknown readable memory: 0x0000001800000060 | 60 00 00 00 18 00 00 00
R8 =0x0000000000000004 is an unknown value
R9 =0x0000000000000004 is an unknown value
R10=0x000001620072b04a is pointing into metadata
R11=3767412783 is a compressed pointer to object: com.example.demo.service.impl.UsuarioServiceImpl 
{0x0000000704714178} - klass: 'com/example/demo/service/impl/UsuarioServiceImpl'
 - ---- fields (total size 2 words):
 - private 'usuarioRepository' 'Lcom/example/demo/repository/UsuarioRepository;' @12  a 'jdk/proxy4/$Proxy126'{0x0000000705b4e798} (0xe0b69cf3)
R12=0x0 is null
R13=0x00000002ea9fb8f8 is pointing into the stack for thread: 0x0000016247f3f870
R14=0x00000002ea9fb968 is pointing into the stack for thread: 0x0000016247f3f870
R15=0x0000016247f3f870 is a thread

Top of Stack: (sp=0x00000002ea9fb8f8)
0x00000002ea9fb8f8:   0000016272ce958b 00000002ea9fb900
0x00000002ea9fb908:   000001620072b04a 0000000000000004
0x00000002ea9fb918:   00000162000b20d0 00000007087aef38
0x00000002ea9fb928:   00000007043e9858 00000162000b4c20
0x00000002ea9fb938:   00000002ea9fb8f8 00000002ea9fb970
0x00000002ea9fb948:   00000002ea9fbc88 00000162733b6c30
0x00000002ea9fb958:   000000070754ab80 0000000707454a20
0x00000002ea9fb968:   000000070754ab18 00000002ea9fbc88
0x00000002ea9fb978:   0000016273b0f334 0000000705612fc8
0x00000002ea9fb988:   000000070754aaf0 0000000707454a20
0x00000002ea9fb998:   000000070754abc8 000000070754ab18
0x00000002ea9fb9a8:   0000000707454a20 00000162733b6b6c
0x00000002ea9fb9b8:   00007ff8fb813cd5 00000002ea9fbc88
0x00000002ea9fb9c8:   000001627300f23a 0000000700000000
0x00000002ea9fb9d8:   00000007073c07e0 0000000705612fc8
0x00000002ea9fb9e8:   00000007087aef38 00000007087aef10
0x00000002ea9fb9f8:   0000000100000001 0000000705612fc8
0x00000002ea9fba08:   0000000707228d90 00000007073c0428
0x00000002ea9fba18:   00000007087aea80 00000002ea9fbc88
0x00000002ea9fba28:   00000162730a7674 00000007087aea38
0x00000002ea9fba38:   000001627306a25c 00000002ea9fbc88
0x00000002ea9fba48:   0000016273b0ecf4 0000000000000000
0x00000002ea9fba58:   0000000000000000 0000000000000000
0x00000002ea9fba68:   0000000000000000 0000000000000000
0x00000002ea9fba78:   0000000000000000 000000070754aad0
0x00000002ea9fba88:   00000007074b2918 0000000707454a20
0x00000002ea9fba98:   00000007087ae700 00000007073c07e0
0x00000002ea9fbaa8:   0000000704458170 00000007073c07e0
0x00000002ea9fbab8:   0000000700000000 0000000000000000
0x00000002ea9fbac8:   00000007087aef38 00000002ea9fbc88
0x00000002ea9fbad8:   0000016273b044a2 00000007073c07e0
0x00000002ea9fbae8:   000000070754aaf0 00000002ea9fbc88 

Instructions: (pc=0x0000016272d1ada4)
0x0000016272d1aca4:   62 01 00 00 00 ad d1 72 62 01 00 00 80 bd d1 72
0x0000016272d1acb4:   62 01 00 00 f0 ac d1 72 62 01 00 00 f0 ac d1 72
0x0000016272d1acc4:   62 01 00 00 00 00 00 00 00 00 00 00 d8 1f da fb
0x0000016272d1acd4:   f8 7f 00 00 f0 10 00 00 60 00 00 00 ff ff ff ff
0x0000016272d1ace4:   f0 10 00 00 00 00 00 00 00 00 00 00 00 00 00 00
0x0000016272d1acf4:   00 00 00 00 00 00 00 00 00 00 00 00 f4 66 66 66
0x0000016272d1ad04:   0f 1f 84 00 00 00 00 00 66 66 66 90 66 66 66 0f
0x0000016272d1ad14:   1f 84 00 00 00 00 00 66 66 66 90 90 48 8b 53 08
0x0000016272d1ad24:   0f b7 52 2e 48 8b 0c d4 8b 59 14 48 c1 e3 03 8b
0x0000016272d1ad34:   5b 28 48 c1 e3 03 8b 5b 24 48 c1 e3 03 48 8b 5b
0x0000016272d1ad44:   10 48 85 db 0f 84 10 00 00 00 41 80 bf e0 05 00
0x0000016272d1ad54:   00 00 74 03 ff 63 38 ff 63 50 e9 9d 16 00 00 66
0x0000016272d1ad64:   66 66 0f 1f 84 00 00 00 00 00 66 66 66 90 66 66
0x0000016272d1ad74:   0f 1f 84 00 00 00 00 00 66 66 66 90 48 8b 53 08
0x0000016272d1ad84:   0f b7 52 2e 48 8b 0c d4 58 5b 50 44 8b 51 08 49
0x0000016272d1ad94:   bb 00 00 00 00 62 01 00 00 4d 03 d3 4c 8b 5b 10
0x0000016272d1ada4:   4b 8b 9c da c8 01 00 00 48 85 db 0f 84 10 00 00
0x0000016272d1adb4:   00 41 80 bf e0 05 00 00 00 74 03 ff 63 38 ff 63
0x0000016272d1adc4:   50 e9 36 16 00 00 66 66 66 0f 1f 84 00 00 00 00
0x0000016272d1add4:   00 66 66 66 90 0f 1f 80 00 00 00 00 58 5b 50 8b
0x0000016272d1ade4:   5b 24 48 c1 e3 03 48 8b 5b 10 48 85 db 0f 84 10
0x0000016272d1adf4:   00 00 00 41 80 bf e0 05 00 00 00 74 03 ff 63 38
0x0000016272d1ae04:   ff 63 50 e9 f4 15 00 00 66 66 66 0f 1f 84 00 00
0x0000016272d1ae14:   00 00 00 66 66 66 90 0f 1f 44 00 00 48 8b 53 08
0x0000016272d1ae24:   0f b7 52 2e 48 8b 0c d4 58 5b 50 48 3b 01 8b 5b
0x0000016272d1ae34:   24 48 c1 e3 03 48 8b 5b 10 48 85 db 0f 84 10 00
0x0000016272d1ae44:   00 00 41 80 bf e0 05 00 00 00 74 03 ff 63 38 ff
0x0000016272d1ae54:   63 50 e9 a5 15 00 00 0f 1f 44 00 00 48 8b 53 08
0x0000016272d1ae64:   0f b7 52 2e 48 8b 0c d4 58 5b 50 44 8b 51 08 49
0x0000016272d1ae74:   bb 00 00 00 00 62 01 00 00 4d 03 d3 8b 43 18 48
0x0000016272d1ae84:   c1 e0 03 48 8b 40 10 48 8b 5b 10 45 8b 9a a0 00
0x0000016272d1ae94:   00 00 4f 8d 9c da c8 01 00 00 4d 8d 14 da 49 8b 


Stack slot to memory mapping:

stack at sp + 0 slots: 0x0000016272ce958b is at code_begin+4363 in an Interpreter codelet
return entry points  [0x0000016272ce8480, 0x0000016272cea298]  7704 bytes
stack at sp + 1 slots: 0x00000002ea9fb900 is pointing into the stack for thread: 0x0000016247f3f870
stack at sp + 2 slots: 0x000001620072b04a is pointing into metadata
stack at sp + 3 slots: 0x0000000000000004 is an unknown value
stack at sp + 4 slots: 0x00000162000b20d0 is pointing into metadata
stack at sp + 5 slots: 0x00000007087aef38 is an oop: jdk.internal.reflect.DirectMethodHandleAccessor 
{0x00000007087aef38} - klass: 'jdk/internal/reflect/DirectMethodHandleAccessor'
 - ---- fields (total size 4 words):
 - private final 'paramCount' 'I' @12  0 (0x00000000)
 - private final 'flags' 'I' @16  0 (0x00000000)
 - private final 'declaringClass' 'Ljava/lang/Class;' @20  a 'java/lang/Class'{0x0000000705612fc8} = 'com/example/demo/controller/ChatController' (0xe0ac25f9)
 - private final 'target' 'Ljava/lang/invoke/MethodHandle;' @24  a 'java/lang/invoke/BoundMethodHandle$Species_LL'{0x00000007087aef10} (0xe10f5de2)
stack at sp + 6 slots: 0x00000007043e9858 is an oop: java.lang.Class 
{0x00000007043e9858} - klass: 'java/lang/Class'
 - ---- fields (total size 14 words):
 - private volatile transient 'classRedefinedCount' 'I' @12  0 (0x00000000)
 - injected 'klass' 'J' @16  1520419151008 (0x00000162000b1ca0)
 - injected 'array_klass' 'J' @24  0 (0x0000000000000000)
 - injected 'oop_size' 'I' @32  14 (0x0000000e)
 - injected 'static_oop_field_count' 'I' @36  0 (0x00000000)
 - private volatile transient 'cachedConstructor' 'Ljava/lang/reflect/Constructor;' @40  null (0x00000000)
 - private transient 'name' 'Ljava/lang/String;' @44  null (0x00000000)
 - private transient 'module' 'Ljava/lang/Module;' @48  a 'java/lang/Module'{0x00000007043f3fd8} (0xe087e7fb)
 - private final 'classLoader' 'Ljava/lang/ClassLoader;' @52  null (0x00000000)
 - private transient 'classData' 'Ljava/lang/Object;' @56  null (0x00000000)
 - private transient 'packageName' 'Ljava/lang/String;' @60  null (0x00000000)
 - private final 'componentType' 'Ljava/lang/Class;' @64  null (0x00000000)
 - private volatile transient 'reflectionData' 'Ljava/lang/ref/SoftReference;' @68  null (0x00000000)
 - private volatile transient 'genericInfo' 'Lsun/reflect/generics/repository/ClassRepository;' @72  null (0x00000000)
 - private volatile transient 'enumConstants' '[Ljava/lang/Object;' @76  null (0x00000000)
 - private volatile transient 'enumConstantDirectory' 'Ljava/util/Map;' @80  null (0x00000000)
 - private volatile transient 'annotationData' 'Ljava/lang/Class$AnnotationData;' @84  null (0x00000000)
 - private volatile transient 'annotationType' 'Lsun/reflect/annotation/AnnotationType;' @88  null (0x00000000)
 - transient 'classValueMap' 'Ljava/lang/ClassValue$ClassValueMap;' @92  null (0x00000000)
 - injected 'protection_domain' 'Ljava/lang/Object;' @96  null (0x00000000)
 - injected 'signers_name' 'Ljava/lang/Object;' @100  null (0x00000000)
 - injected 'source_file' 'Ljava/lang/Object;' @104  null (0x00000000)
 - signature: Ljava/lang/invoke/DirectMethodHandle$Holder;
 - ---- static fields (0):
stack at sp + 7 slots: {method} {0x00000162000b4c28} 'invokeVirtual' '(Ljava/lang/Object;Ljava/lang/Object;)Ljava/lang/Object;' in 'java/lang/invoke/DirectMethodHandle$Holder'

MethodHandle::interpreter_entry::_linkToVirtual [0x0000016272d1ad63, 0x0000016272d1adca] (103 bytes)
[MachCode]
  0x0000016272d1ad63: 6666 660f | 1f84 0000 | 0000 0066 | 6666 9066 | 660f 1f84 | 0000 0000 | 0066 6666 | 9048 8b53 
  0x0000016272d1ad83: 080f b752 | 2e48 8b0c | d458 5b50 | 448b 5108 | 49bb 0000 | 0000 6201 | 0000 4d03 | d34c 8b5b 
  0x0000016272d1ada3: 104b 8b9c | dac8 0100 | 0048 85db | 0f84 1000 | 0000 4180 | bfe0 0500 | 0000 7403 | ff63 38ff 
  0x0000016272d1adc3: 6350 e936 | 
[/MachCode]

---------------  P R O C E S S  ---------------

Threads class SMR info:
_java_thread_list=0x0000016248017ef0, length=38, elements={
0x000001627e3c4880, 0x000001627e3c51b0, 0x000001627e3c6e80, 0x000001627e3c7a30,
0x000001627e3d7240, 0x000001627e3d78b0, 0x000001627e3dde50, 0x000001627e645450,
0x000001627e6ca3e0, 0x000001627e6cea80, 0x000001627e6d3090, 0x000001627eeb3580,
0x000001627f0d8b30, 0x000001627ef7ba60, 0x000001627f146220, 0x00000162453a15a0,
0x00000162453ef220, 0x00000162453ee500, 0x00000162453ed150, 0x00000162453ed7e0,
0x00000162453ede70, 0x00000162453ef8b0, 0x0000016247f3ca80, 0x0000016247f3c3f0,
0x0000016247f39600, 0x0000016247f3f870, 0x0000016247f3e4c0, 0x0000016247f3a320,
0x0000016247f3d110, 0x0000016247f3b040, 0x0000016247f3b6d0, 0x0000016247f39c90,
0x0000016247f3d7a0, 0x0000016247f3de30, 0x0000016247f38f70, 0x0000016247f3eb50,
0x0000016247f40590, 0x0000016245a72da0
}

Java Threads: ( => current thread )
  0x000001627e3c4880 JavaThread "Reference Handler"          daemon [_thread_blocked, id=5560, stack(0x00000002e7c00000,0x00000002e7d00000) (1024K)]
  0x000001627e3c51b0 JavaThread "Finalizer"                  daemon [_thread_blocked, id=13532, stack(0x00000002e7d00000,0x00000002e7e00000) (1024K)]
  0x000001627e3c6e80 JavaThread "Signal Dispatcher"          daemon [_thread_blocked, id=14964, stack(0x00000002e7e00000,0x00000002e7f00000) (1024K)]
  0x000001627e3c7a30 JavaThread "Attach Listener"            daemon [_thread_blocked, id=28284, stack(0x00000002e7f00000,0x00000002e8000000) (1024K)]
  0x000001627e3d7240 JavaThread "Service Thread"             daemon [_thread_blocked, id=20316, stack(0x00000002e8000000,0x00000002e8100000) (1024K)]
  0x000001627e3d78b0 JavaThread "Monitor Deflation Thread"   daemon [_thread_blocked, id=27208, stack(0x00000002e8100000,0x00000002e8200000) (1024K)]
  0x000001627e3dde50 JavaThread "C1 CompilerThread0"         daemon [_thread_blocked, id=20940, stack(0x00000002e8200000,0x00000002e8300000) (1024K)]
  0x000001627e645450 JavaThread "Common-Cleaner"             daemon [_thread_blocked, id=15420, stack(0x00000002e8300000,0x00000002e8400000) (1024K)]
  0x000001627e6ca3e0 JavaThread "JDWP Transport Listener: dt_socket" daemon [_thread_blocked, id=26756, stack(0x00000002e8600000,0x00000002e8700000) (1024K)]
  0x000001627e6cea80 JavaThread "JDWP Event Helper Thread"   daemon [_thread_blocked, id=20780, stack(0x00000002e8700000,0x00000002e8800000) (1024K)]
  0x000001627e6d3090 JavaThread "JDWP Command Reader"        daemon [_thread_in_native, id=27348, stack(0x00000002e8800000,0x00000002e8900000) (1024K)]
  0x000001627eeb3580 JavaThread "Notification Thread"        daemon [_thread_blocked, id=2324, stack(0x00000002e8900000,0x00000002e8a00000) (1024K)]
  0x000001627f0d8b30 JavaThread "RMI TCP Accept-0"           daemon [_thread_in_native, id=22556, stack(0x00000002e8a00000,0x00000002e8b00000) (1024K)]
  0x000001627ef7ba60 JavaThread "RMI TCP Accept-61954"       daemon [_thread_in_native, id=15212, stack(0x00000002e9300000,0x00000002e9400000) (1024K)]
  0x000001627f146220 JavaThread "RMI TCP Accept-0"           daemon [_thread_in_native, id=23716, stack(0x00000002e9400000,0x00000002e9500000) (1024K)]
  0x00000162453a15a0 JavaThread "RMI Scheduler(0)"           daemon [_thread_blocked, id=19504, stack(0x00000002e9a00000,0x00000002e9b00000) (1024K)]
  0x00000162453ef220 JavaThread "JMX server connection timeout 45" daemon [_thread_blocked, id=13364, stack(0x00000002e9c00000,0x00000002e9d00000) (1024K)]
  0x00000162453ee500 JavaThread "Catalina-utility-1"                [_thread_blocked, id=24388, stack(0x00000002e9800000,0x00000002e9900000) (1024K)]
  0x00000162453ed150 JavaThread "Catalina-utility-2"                [_thread_blocked, id=14420, stack(0x00000002ea000000,0x00000002ea100000) (1024K)]
  0x00000162453ed7e0 JavaThread "container-0"                       [_thread_blocked, id=22712, stack(0x00000002ea100000,0x00000002ea200000) (1024K)]
  0x00000162453ede70 JavaThread "mysql-cj-abandoned-connection-cleanup" daemon [_thread_blocked, id=27848, stack(0x00000002ea200000,0x00000002ea300000) (1024K)]
  0x00000162453ef8b0 JavaThread "HikariPool-1 housekeeper"   daemon [_thread_blocked, id=21928, stack(0x00000002ea400000,0x00000002ea500000) (1024K)]
  0x0000016247f3ca80 JavaThread "File Watcher"               daemon [_thread_blocked, id=23764, stack(0x00000002ea600000,0x00000002ea700000) (1024K)]
  0x0000016247f3c3f0 JavaThread "Live Reload Server"         daemon [_thread_in_native, id=22592, stack(0x00000002ea800000,0x00000002ea900000) (1024K)]
  0x0000016247f39600 JavaThread "http-nio-8080-exec-1"       daemon [_thread_blocked, id=2996, stack(0x00000002ea700000,0x00000002ea800000) (1024K)]
=>0x0000016247f3f870 JavaThread "http-nio-8080-exec-2"       daemon [_thread_in_Java, id=22116, stack(0x00000002ea900000,0x00000002eaa00000) (1024K)]
  0x0000016247f3e4c0 JavaThread "http-nio-8080-exec-3"       daemon [_thread_blocked, id=27220, stack(0x00000002eaa00000,0x00000002eab00000) (1024K)]
  0x0000016247f3a320 JavaThread "http-nio-8080-exec-4"       daemon [_thread_blocked, id=12856, stack(0x00000002eab00000,0x00000002eac00000) (1024K)]
  0x0000016247f3d110 JavaThread "http-nio-8080-exec-5"       daemon [_thread_blocked, id=26492, stack(0x00000002eac00000,0x00000002ead00000) (1024K)]
  0x0000016247f3b040 JavaThread "http-nio-8080-exec-6"       daemon [_thread_blocked, id=22100, stack(0x00000002ead00000,0x00000002eae00000) (1024K)]
  0x0000016247f3b6d0 JavaThread "http-nio-8080-exec-7"       daemon [_thread_blocked, id=2052, stack(0x00000002eae00000,0x00000002eaf00000) (1024K)]
  0x0000016247f39c90 JavaThread "http-nio-8080-exec-8"       daemon [_thread_blocked, id=20824, stack(0x00000002eaf00000,0x00000002eb000000) (1024K)]
  0x0000016247f3d7a0 JavaThread "http-nio-8080-exec-9"       daemon [_thread_blocked, id=28048, stack(0x00000002eb000000,0x00000002eb100000) (1024K)]
  0x0000016247f3de30 JavaThread "http-nio-8080-exec-10"      daemon [_thread_blocked, id=20408, stack(0x00000002eb100000,0x00000002eb200000) (1024K)]
  0x0000016247f38f70 JavaThread "http-nio-8080-Poller"       daemon [_thread_in_native, id=22796, stack(0x00000002eb200000,0x00000002eb300000) (1024K)]
  0x0000016247f3eb50 JavaThread "http-nio-8080-Acceptor"     daemon [_thread_in_native, id=2480, stack(0x00000002eb300000,0x00000002eb400000) (1024K)]
  0x0000016247f40590 JavaThread "DestroyJavaVM"                     [_thread_blocked, id=20088, stack(0x00000002e7400000,0x00000002e7500000) (1024K)]
  0x0000016245a72da0 JavaThread "RMI TCP Connection(10)-127.0.0.1" daemon [_thread_in_native, id=3296, stack(0x00000002eb800000,0x00000002eb900000) (1024K)]
Total: 38

Other Threads:
  0x000001627e3a4ac0 VMThread "VM Thread"                           [id=8488, stack(0x00000002e7b00000,0x00000002e7c00000) (1024K)]
  0x000001627e3927f0 WatcherThread "VM Periodic Task Thread"        [id=14956, stack(0x00000002e7a00000,0x00000002e7b00000) (1024K)]
  0x0000016269133bc0 WorkerThread "GC Thread#0"                     [id=1368, stack(0x00000002e7500000,0x00000002e7600000) (1024K)]
  0x000001627f0d9510 WorkerThread "GC Thread#1"                     [id=4484, stack(0x00000002e8b00000,0x00000002e8c00000) (1024K)]
  0x000001627f0d98b0 WorkerThread "GC Thread#2"                     [id=15568, stack(0x00000002e8c00000,0x00000002e8d00000) (1024K)]
  0x000001627f0f59d0 WorkerThread "GC Thread#3"                     [id=26172, stack(0x00000002e8d00000,0x00000002e8e00000) (1024K)]
  0x000001627f0f73f0 WorkerThread "GC Thread#4"                     [id=16628, stack(0x00000002e8e00000,0x00000002e8f00000) (1024K)]
  0x000001627f0f6570 WorkerThread "GC Thread#5"                     [id=4720, stack(0x00000002e8f00000,0x00000002e9000000) (1024K)]
  0x000001627f0f6cb0 WorkerThread "GC Thread#6"                     [id=15612, stack(0x00000002e9000000,0x00000002e9100000) (1024K)]
  0x000001627f0f7050 WorkerThread "GC Thread#7"                     [id=21516, stack(0x00000002e9100000,0x00000002e9200000) (1024K)]
  0x000001627f0f7790 WorkerThread "GC Thread#8"                     [id=18308, stack(0x00000002e9200000,0x00000002e9300000) (1024K)]
  0x000001627f0f6910 WorkerThread "GC Thread#9"                     [id=25788, stack(0x00000002e9500000,0x00000002e9600000) (1024K)]
  0x0000016269144850 ConcurrentGCThread "G1 Main Marker"            [id=12880, stack(0x00000002e7600000,0x00000002e7700000) (1024K)]
  0x0000016269147210 WorkerThread "G1 Conc#0"                       [id=27564, stack(0x00000002e7700000,0x00000002e7800000) (1024K)]
  0x00000162456c6750 WorkerThread "G1 Conc#1"                       [id=15948, stack(0x00000002e9d00000,0x00000002e9e00000) (1024K)]
  0x00000162456c8450 WorkerThread "G1 Conc#2"                       [id=25184, stack(0x00000002e9e00000,0x00000002e9f00000) (1024K)]
  0x000001627e266940 ConcurrentGCThread "G1 Refine#0"               [id=20044, stack(0x00000002e7800000,0x00000002e7900000) (1024K)]
  0x000001627e266fc0 ConcurrentGCThread "G1 Service"                [id=18484, stack(0x00000002e7900000,0x00000002e7a00000) (1024K)]
Total: 18

Threads with active compile tasks:
Total: 0

VM state: not at safepoint (normal execution)

VM Mutex/Monitor currently owned by a thread: None

Heap address: 0x0000000704000000, size: 4032 MB, Compressed Oops mode: Zero based, Oop shift amount: 3

CDS archive(s) mapped at: [0x0000016200000000-0x0000016200c90000-0x0000016200c90000), size 13172736, SharedBaseAddress: 0x0000016200000000, ArchiveRelocationMode: 1.
Compressed class space mapped at: 0x0000016201000000-0x0000016241000000, reserved size: 1073741824
Narrow klass base: 0x0000016200000000, Narrow klass shift: 0, Narrow klass range: 0x100000000

GC Precious Log:
 CardTable entry size: 512
 Card Set container configuration: InlinePtr #cards 4 size 8 Array Of Cards #cards 16 size 48 Howl #buckets 8 coarsen threshold 3686 Howl Bitmap #cards 512 size 80 coarsen threshold 460 Card regions per heap region 1 cards per card region 4096
 CPUs: 12 total, 12 available
 Memory: 16122M
 Large Page Support: Disabled
 NUMA Support: Disabled
 Compressed Oops: Enabled (Zero based)
 Heap Region Size: 2M
 Heap Min Capacity: 8M
 Heap Initial Capacity: 252M
 Heap Max Capacity: 4032M
 Pre-touch: Disabled
 Parallel Workers: 10
 Concurrent Workers: 3
 Concurrent Refinement Workers: 10
 Periodic GC: Disabled

Heap:
 garbage-first heap   total 118784K, used 46292K [0x0000000704000000, 0x0000000800000000)
  region size 2048K, 8 young (16384K), 4 survivors (8192K)
 Metaspace       used 77710K, committed 78592K, reserved 1179648K
  class space    used 11167K, committed 11584K, reserved 1048576K

Heap Regions: E=young(eden), S=young(survivor), O=old, HS=humongous(starts), HC=humongous(continues), CS=collection set, F=free, TAMS=top-at-mark-start, PB=parsable bottom
|   0|0x0000000704000000, 0x0000000704200000, 0x0000000704200000|100%| O|  |TAMS 0x0000000704000000| PB 0x0000000704000000| Untracked 
|   1|0x0000000704200000, 0x0000000704400000, 0x0000000704400000|100%| O|  |TAMS 0x0000000704200000| PB 0x0000000704200000| Untracked 
|   2|0x0000000704400000, 0x0000000704600000, 0x0000000704600000|100%| O|  |TAMS 0x0000000704400000| PB 0x0000000704400000| Untracked 
|   3|0x0000000704600000, 0x0000000704800000, 0x0000000704800000|100%| O|  |TAMS 0x0000000704600000| PB 0x0000000704600000| Untracked 
|   4|0x0000000704800000, 0x0000000704a00000, 0x0000000704a00000|100%| O|  |TAMS 0x0000000704800000| PB 0x0000000704800000| Untracked 
|   5|0x0000000704a00000, 0x0000000704c00000, 0x0000000704c00000|100%| O|  |TAMS 0x0000000704a00000| PB 0x0000000704a00000| Untracked 
|   6|0x0000000704c00000, 0x0000000704e00000, 0x0000000704e00000|100%| O|  |TAMS 0x0000000704c00000| PB 0x0000000704c00000| Untracked 
|   7|0x0000000704e00000, 0x0000000705000000, 0x0000000705000000|100%| O|  |TAMS 0x0000000704e00000| PB 0x0000000704e00000| Untracked 
|   8|0x0000000705000000, 0x0000000705200000, 0x0000000705200000|100%| O|  |TAMS 0x0000000705000000| PB 0x0000000705000000| Untracked 
|   9|0x0000000705200000, 0x0000000705400000, 0x0000000705400000|100%| O|  |TAMS 0x0000000705200000| PB 0x0000000705200000| Untracked 
|  10|0x0000000705400000, 0x0000000705600000, 0x0000000705600000|100%| O|  |TAMS 0x0000000705400000| PB 0x0000000705400000| Untracked 
|  11|0x0000000705600000, 0x0000000705800000, 0x0000000705800000|100%| O|  |TAMS 0x0000000705600000| PB 0x0000000705600000| Untracked 
|  12|0x0000000705800000, 0x0000000705a00000, 0x0000000705a00000|100%| O|  |TAMS 0x0000000705800000| PB 0x0000000705800000| Untracked 
|  13|0x0000000705a00000, 0x0000000705c00000, 0x0000000705c00000|100%| O|  |TAMS 0x0000000705a00000| PB 0x0000000705a00000| Untracked 
|  14|0x0000000705c00000, 0x0000000705e00000, 0x0000000705e00000|100%| O|  |TAMS 0x0000000705c00000| PB 0x0000000705c00000| Untracked 
|  15|0x0000000705e00000, 0x0000000705e78d70, 0x0000000706000000| 23%| O|  |TAMS 0x0000000705e00000| PB 0x0000000705e00000| Untracked 
|  16|0x0000000706000000, 0x0000000706000000, 0x0000000706200000|  0%| F|  |TAMS 0x0000000706000000| PB 0x0000000706000000| Untracked 
|  17|0x0000000706200000, 0x0000000706200000, 0x0000000706400000|  0%| F|  |TAMS 0x0000000706200000| PB 0x0000000706200000| Untracked 
|  18|0x0000000706400000, 0x0000000706400000, 0x0000000706600000|  0%| F|  |TAMS 0x0000000706400000| PB 0x0000000706400000| Untracked 
|  19|0x0000000706600000, 0x00000007066bc2a0, 0x0000000706800000| 36%| S|CS|TAMS 0x0000000706600000| PB 0x0000000706600000| Complete 
|  20|0x0000000706800000, 0x0000000706a00000, 0x0000000706a00000|100%| S|CS|TAMS 0x0000000706800000| PB 0x0000000706800000| Complete 
|  21|0x0000000706a00000, 0x0000000706c00000, 0x0000000706c00000|100%| S|CS|TAMS 0x0000000706a00000| PB 0x0000000706a00000| Complete 
|  22|0x0000000706c00000, 0x0000000706c00000, 0x0000000706e00000|  0%| F|  |TAMS 0x0000000706c00000| PB 0x0000000706c00000| Untracked 
|  23|0x0000000706e00000, 0x0000000706e00000, 0x0000000707000000|  0%| F|  |TAMS 0x0000000706e00000| PB 0x0000000706e00000| Untracked 
|  24|0x0000000707000000, 0x0000000707000000, 0x0000000707200000|  0%| F|  |TAMS 0x0000000707000000| PB 0x0000000707000000| Untracked 
|  25|0x0000000707200000, 0x0000000707200000, 0x0000000707400000|  0%| F|  |TAMS 0x0000000707200000| PB 0x0000000707200000| Untracked 
|  26|0x0000000707400000, 0x0000000707600000, 0x0000000707600000|100%| S|CS|TAMS 0x0000000707400000| PB 0x0000000707400000| Complete 
|  27|0x0000000707600000, 0x0000000707600000, 0x0000000707800000|  0%| F|  |TAMS 0x0000000707600000| PB 0x0000000707600000| Untracked 
|  28|0x0000000707800000, 0x0000000707800000, 0x0000000707a00000|  0%| F|  |TAMS 0x0000000707800000| PB 0x0000000707800000| Untracked 
|  29|0x0000000707a00000, 0x0000000707a00000, 0x0000000707c00000|  0%| F|  |TAMS 0x0000000707a00000| PB 0x0000000707a00000| Untracked 
|  30|0x0000000707c00000, 0x0000000707c00000, 0x0000000707e00000|  0%| F|  |TAMS 0x0000000707c00000| PB 0x0000000707c00000| Untracked 
|  31|0x0000000707e00000, 0x0000000707e00000, 0x0000000708000000|  0%| F|  |TAMS 0x0000000707e00000| PB 0x0000000707e00000| Untracked 
|  32|0x0000000708000000, 0x0000000708000000, 0x0000000708200000|  0%| F|  |TAMS 0x0000000708000000| PB 0x0000000708000000| Untracked 
|  33|0x0000000708200000, 0x0000000708200000, 0x0000000708400000|  0%| F|  |TAMS 0x0000000708200000| PB 0x0000000708200000| Untracked 
|  34|0x0000000708400000, 0x0000000708400000, 0x0000000708600000|  0%| F|  |TAMS 0x0000000708400000| PB 0x0000000708400000| Untracked 
|  35|0x0000000708600000, 0x0000000708600000, 0x0000000708800000|  0%| F|  |TAMS 0x0000000708600000| PB 0x0000000708600000| Untracked 
|  36|0x0000000708800000, 0x0000000708800000, 0x0000000708a00000|  0%| F|  |TAMS 0x0000000708800000| PB 0x0000000708800000| Untracked 
|  37|0x0000000708a00000, 0x0000000708a00000, 0x0000000708c00000|  0%| F|  |TAMS 0x0000000708a00000| PB 0x0000000708a00000| Untracked 
|  38|0x0000000708c00000, 0x0000000708c00000, 0x0000000708e00000|  0%| F|  |TAMS 0x0000000708c00000| PB 0x0000000708c00000| Untracked 
|  39|0x0000000708e00000, 0x0000000708e00000, 0x0000000709000000|  0%| F|  |TAMS 0x0000000708e00000| PB 0x0000000708e00000| Untracked 
|  40|0x0000000709000000, 0x0000000709000000, 0x0000000709200000|  0%| F|  |TAMS 0x0000000709000000| PB 0x0000000709000000| Untracked 
|  41|0x0000000709200000, 0x0000000709200000, 0x0000000709400000|  0%| F|  |TAMS 0x0000000709200000| PB 0x0000000709200000| Untracked 
|  42|0x0000000709400000, 0x0000000709400000, 0x0000000709600000|  0%| F|  |TAMS 0x0000000709400000| PB 0x0000000709400000| Untracked 
|  43|0x0000000709600000, 0x0000000709600000, 0x0000000709800000|  0%| F|  |TAMS 0x0000000709600000| PB 0x0000000709600000| Untracked 
|  44|0x0000000709800000, 0x0000000709800000, 0x0000000709a00000|  0%| F|  |TAMS 0x0000000709800000| PB 0x0000000709800000| Untracked 
|  45|0x0000000709a00000, 0x0000000709a00000, 0x0000000709c00000|  0%| F|  |TAMS 0x0000000709a00000| PB 0x0000000709a00000| Untracked 
|  46|0x0000000709c00000, 0x0000000709c00000, 0x0000000709e00000|  0%| F|  |TAMS 0x0000000709c00000| PB 0x0000000709c00000| Untracked 
|  47|0x0000000709e00000, 0x0000000709e00000, 0x000000070a000000|  0%| F|  |TAMS 0x0000000709e00000| PB 0x0000000709e00000| Untracked 
|  48|0x000000070a000000, 0x000000070a000000, 0x000000070a200000|  0%| F|  |TAMS 0x000000070a000000| PB 0x000000070a000000| Untracked 
|  49|0x000000070a200000, 0x000000070a200000, 0x000000070a400000|  0%| F|  |TAMS 0x000000070a200000| PB 0x000000070a200000| Untracked 
|  50|0x000000070a400000, 0x000000070a400000, 0x000000070a600000|  0%| F|  |TAMS 0x000000070a400000| PB 0x000000070a400000| Untracked 
|  63|0x000000070be00000, 0x000000070be00000, 0x000000070c000000|  0%| F|  |TAMS 0x000000070be00000| PB 0x000000070be00000| Untracked 
|  64|0x000000070c000000, 0x000000070c000000, 0x000000070c200000|  0%| F|  |TAMS 0x000000070c000000| PB 0x000000070c000000| Untracked 
|  65|0x000000070c200000, 0x000000070c395600, 0x000000070c400000| 79%| E|  |TAMS 0x000000070c200000| PB 0x000000070c200000| Complete 
| 124|0x0000000713800000, 0x0000000713a00000, 0x0000000713a00000|100%| E|CS|TAMS 0x0000000713800000| PB 0x0000000713800000| Complete 
| 125|0x0000000713a00000, 0x0000000713c00000, 0x0000000713c00000|100%| E|CS|TAMS 0x0000000713a00000| PB 0x0000000713a00000| Complete 
|2014|0x00000007ffc00000, 0x00000007ffe00000, 0x00000007ffe00000|100%| E|CS|TAMS 0x00000007ffc00000| PB 0x00000007ffc00000| Complete 
|2015|0x00000007ffe00000, 0x0000000800000000, 0x0000000800000000|100%| O|  |TAMS 0x00000007ffe00000| PB 0x00000007ffe00000| Untracked 

Card table byte_map: [0x0000016276fd0000,0x00000162777b0000] _byte_map_base: 0x00000162737b0000

Marking Bits: (CMBitMap*) 0x00000162691341c0
 Bits: [0x00000162777b0000, 0x000001627b6b0000)

Polling page: 0x0000016272cc0000

Metaspace:

Usage:
  Non-class:     64.98 MB used.
      Class:     10.91 MB used.
       Both:     75.89 MB used.

Virtual space:
  Non-class space:      128.00 MB reserved,      65.44 MB ( 51%) committed,  2 nodes.
      Class space:        1.00 GB reserved,      11.31 MB (  1%) committed,  1 nodes.
             Both:        1.12 GB reserved,      76.75 MB (  7%) committed. 

Chunk freelists:
   Non-Class:  14.61 MB
       Class:  4.73 MB
        Both:  19.34 MB

MaxMetaspaceSize: unlimited
CompressedClassSpaceSize: 1.00 GB
Initial GC threshold: 21.00 MB
Current GC threshold: 95.00 MB
CDS: on
 - commit_granule_bytes: 65536.
 - commit_granule_words: 8192.
 - virtual_space_node_default_size: 8388608.
 - enlarge_chunks_in_place: 1.
 - use_allocation_guard: 0.


Internal statistics:

num_allocs_failed_limit: 6.
num_arena_births: 1160.
num_arena_deaths: 0.
num_vsnodes_births: 3.
num_vsnodes_deaths: 0.
num_space_committed: 1228.
num_space_uncommitted: 0.
num_chunks_returned_to_freelist: 6.
num_chunks_taken_from_freelist: 3979.
num_chunk_merges: 6.
num_chunk_splits: 2881.
num_chunks_enlarged: 2213.
num_inconsistent_stats: 0.

CodeCache: size=49152Kb used=13724Kb max_used=15188Kb free=35427Kb
 bounds [0x0000016272ce0000, 0x0000016273bc0000, 0x0000016275ce0000]
 total_blobs=7919 nmethods=7184 adapters=657
 compilation: enabled
              stopped_count=0, restarted_count=0
 full_count=0

Compilation events (20 events):
Event: 82.637 Thread 0x000001627e3dde50 7249       1       java.util.concurrent.locks.ReentrantReadWriteLock$Sync::sharedCount (5 bytes)
Event: 82.637 Thread 0x000001627e3dde50 nmethod 7249 0x000001627348a110 code [0x000001627348a2a0, 0x000001627348a350]
Event: 82.637 Thread 0x000001627e3dde50 7250       1       org.apache.catalina.LifecycleEvent::getType (5 bytes)
Event: 82.637 Thread 0x000001627e3dde50 nmethod 7250 0x0000016273489e10 code [0x0000016273489fa0, 0x000001627348a070]
Event: 92.632 Thread 0x000001627e3dde50 7252   !   1       java.io.ObjectInputStream$BlockDataInputStream::readBlockHeader (249 bytes)
Event: 92.634 Thread 0x000001627e3dde50 nmethod 7252 0x0000016273487b10 code [0x0000016273487e80, 0x0000016273488c58]
Event: 92.634 Thread 0x000001627e3dde50 7253   !   1       java.io.ObjectInputStream$BlockDataInputStream::refill (136 bytes)
Event: 92.634 Thread 0x000001627e3dde50 nmethod 7253 0x0000016273487490 code [0x0000016273487660, 0x00000162734878f8]
Event: 92.648 Thread 0x000001627e3dde50 7254       1       java.util.concurrent.locks.AbstractQueuedSynchronizer::releaseShared (19 bytes)
Event: 92.648 Thread 0x000001627e3dde50 nmethod 7254 0x0000016273486e10 code [0x0000016273486fe0, 0x0000016273487290]
Event: 92.648 Thread 0x000001627e3dde50 7255       1       java.util.concurrent.locks.ReentrantReadWriteLock$ReadLock::unlock (10 bytes)
Event: 92.648 Thread 0x000001627e3dde50 nmethod 7255 0x0000016273486a10 code [0x0000016273486bc0, 0x0000016273486d38]
Event: 92.648 Thread 0x000001627e3dde50 7256       1       java.util.concurrent.locks.ReentrantReadWriteLock$Sync::tryReleaseShared (146 bytes)
Event: 92.649 Thread 0x000001627e3dde50 nmethod 7256 0x0000016273486110 code [0x0000016273486300, 0x00000162734866d0]
Event: 92.649 Thread 0x000001627e3dde50 7257       1       java.util.concurrent.locks.AbstractQueuedSynchronizer::acquireShared (20 bytes)
Event: 92.649 Thread 0x000001627e3dde50 nmethod 7257 0x0000016273485d10 code [0x0000016273485ec0, 0x0000016273486030]
Event: 92.649 Thread 0x000001627e3dde50 7258       1       java.util.concurrent.locks.ReentrantReadWriteLock$Sync::tryAcquireShared (177 bytes)
Event: 92.649 Thread 0x000001627e3dde50 nmethod 7258 0x0000016273485110 code [0x0000016273485320, 0x0000016273485920]
Event: 92.649 Thread 0x000001627e3dde50 7259       1       java.util.concurrent.locks.ReentrantReadWriteLock$ReadLock::lock (9 bytes)
Event: 92.649 Thread 0x000001627e3dde50 nmethod 7259 0x0000016273484d10 code [0x0000016273484ec0, 0x0000016273485030]

GC Heap History (20 events):
Event: 3.299 GC heap before
{Heap before GC invocations=12 (full 0):
 garbage-first heap   total 81920K, used 67507K [0x0000000704000000, 0x0000000800000000)
  region size 2048K, 24 young (49152K), 3 survivors (6144K)
 Metaspace       used 46734K, committed 47424K, reserved 1114112K
  class space    used 6399K, committed 6720K, reserved 1048576K
}
Event: 3.302 GC heap after
{Heap after GC invocations=13 (full 0):
 garbage-first heap   total 98304K, used 25922K [0x0000000704000000, 0x0000000800000000)
  region size 2048K, 2 young (4096K), 2 survivors (4096K)
 Metaspace       used 46734K, committed 47424K, reserved 1114112K
  class space    used 6399K, committed 6720K, reserved 1048576K
}
Event: 3.619 GC heap before
{Heap before GC invocations=13 (full 0):
 garbage-first heap   total 98304K, used 79170K [0x0000000704000000, 0x0000000800000000)
  region size 2048K, 28 young (57344K), 2 survivors (4096K)
 Metaspace       used 51669K, committed 52288K, reserved 1114112K
  class space    used 7023K, committed 7296K, reserved 1048576K
}
Event: 3.622 GC heap after
{Heap after GC invocations=14 (full 0):
 garbage-first heap   total 98304K, used 27450K [0x0000000704000000, 0x0000000800000000)
  region size 2048K, 3 young (6144K), 3 survivors (6144K)
 Metaspace       used 51669K, committed 52288K, reserved 1114112K
  class space    used 7023K, committed 7296K, reserved 1048576K
}
Event: 3.957 GC heap before
{Heap before GC invocations=14 (full 0):
 garbage-first heap   total 98304K, used 76602K [0x0000000704000000, 0x0000000800000000)
  region size 2048K, 28 young (57344K), 3 survivors (6144K)
 Metaspace       used 56779K, committed 57472K, reserved 1114112K
  class space    used 7946K, committed 8256K, reserved 1048576K
}
Event: 3.960 GC heap after
{Heap after GC invocations=15 (full 0):
 garbage-first heap   total 98304K, used 28396K [0x0000000704000000, 0x0000000800000000)
  region size 2048K, 3 young (6144K), 3 survivors (6144K)
 Metaspace       used 56779K, committed 57472K, reserved 1114112K
  class space    used 7946K, committed 8256K, reserved 1048576K
}
Event: 4.000 GC heap before
{Heap before GC invocations=15 (full 0):
 garbage-first heap   total 98304K, used 34540K [0x0000000704000000, 0x0000000800000000)
  region size 2048K, 7 young (14336K), 3 survivors (6144K)
 Metaspace       used 57548K, committed 58240K, reserved 1114112K
  class space    used 8054K, committed 8384K, reserved 1048576K
}
Event: 4.003 GC heap after
{Heap after GC invocations=16 (full 0):
 garbage-first heap   total 98304K, used 28421K [0x0000000704000000, 0x0000000800000000)
  region size 2048K, 2 young (4096K), 2 survivors (4096K)
 Metaspace       used 57548K, committed 58240K, reserved 1114112K
  class space    used 8054K, committed 8384K, reserved 1048576K
}
Event: 4.392 GC heap before
{Heap before GC invocations=17 (full 0):
 garbage-first heap   total 98304K, used 81669K [0x0000000704000000, 0x0000000800000000)
  region size 2048K, 28 young (57344K), 2 survivors (4096K)
 Metaspace       used 62191K, committed 62912K, reserved 1114112K
  class space    used 8715K, committed 9024K, reserved 1048576K
}
Event: 4.395 GC heap after
{Heap after GC invocations=18 (full 0):
 garbage-first heap   total 98304K, used 30204K [0x0000000704000000, 0x0000000800000000)
  region size 2048K, 3 young (6144K), 3 survivors (6144K)
 Metaspace       used 62191K, committed 62912K, reserved 1114112K
  class space    used 8715K, committed 9024K, reserved 1048576K
}
Event: 4.708 GC heap before
{Heap before GC invocations=18 (full 0):
 garbage-first heap   total 98304K, used 79356K [0x0000000704000000, 0x0000000800000000)
  region size 2048K, 28 young (57344K), 3 survivors (6144K)
 Metaspace       used 65747K, committed 66496K, reserved 1114112K
  class space    used 9349K, committed 9664K, reserved 1048576K
}
Event: 4.713 GC heap after
{Heap after GC invocations=19 (full 0):
 garbage-first heap   total 98304K, used 31651K [0x0000000704000000, 0x0000000800000000)
  region size 2048K, 4 young (8192K), 4 survivors (8192K)
 Metaspace       used 65747K, committed 66496K, reserved 1114112K
  class space    used 9349K, committed 9664K, reserved 1048576K
}
Event: 4.878 GC heap before
{Heap before GC invocations=19 (full 0):
 garbage-first heap   total 98304K, used 78755K [0x0000000704000000, 0x0000000800000000)
  region size 2048K, 28 young (57344K), 4 survivors (8192K)
 Metaspace       used 67367K, committed 68096K, reserved 1114112K
  class space    used 9695K, committed 9984K, reserved 1048576K
}
Event: 4.882 GC heap after
{Heap after GC invocations=20 (full 0):
 garbage-first heap   total 98304K, used 33507K [0x0000000704000000, 0x0000000800000000)
  region size 2048K, 3 young (6144K), 3 survivors (6144K)
 Metaspace       used 67367K, committed 68096K, reserved 1114112K
  class space    used 9695K, committed 9984K, reserved 1048576K
}
Event: 5.123 GC heap before
{Heap before GC invocations=20 (full 0):
 garbage-first heap   total 98304K, used 82659K [0x0000000704000000, 0x0000000800000000)
  region size 2048K, 28 young (57344K), 3 survivors (6144K)
 Metaspace       used 69308K, committed 69952K, reserved 1114112K
  class space    used 9954K, committed 10240K, reserved 1048576K
}
Event: 5.126 GC heap after
{Heap after GC invocations=21 (full 0):
 garbage-first heap   total 118784K, used 34812K [0x0000000704000000, 0x0000000800000000)
  region size 2048K, 3 young (6144K), 3 survivors (6144K)
 Metaspace       used 69308K, committed 69952K, reserved 1114112K
  class space    used 9954K, committed 10240K, reserved 1048576K
}
Event: 5.600 GC heap before
{Heap before GC invocations=21 (full 0):
 garbage-first heap   total 118784K, used 96252K [0x0000000704000000, 0x0000000800000000)
  region size 2048K, 34 young (69632K), 3 survivors (6144K)
 Metaspace       used 72642K, committed 73472K, reserved 1114112K
  class space    used 10453K, committed 10816K, reserved 1048576K
}
Event: 5.604 GC heap after
{Heap after GC invocations=22 (full 0):
 garbage-first heap   total 118784K, used 37948K [0x0000000704000000, 0x0000000800000000)
  region size 2048K, 4 young (8192K), 4 survivors (8192K)
 Metaspace       used 72642K, committed 73472K, reserved 1114112K
  class space    used 10453K, committed 10816K, reserved 1048576K
}
Event: 13.965 GC heap before
{Heap before GC invocations=22 (full 0):
 garbage-first heap   total 118784K, used 97340K [0x0000000704000000, 0x0000000800000000)
  region size 2048K, 34 young (69632K), 4 survivors (8192K)
 Metaspace       used 77641K, committed 78464K, reserved 1179648K
  class space    used 11155K, committed 11520K, reserved 1048576K
}
Event: 13.970 GC heap after
{Heap after GC invocations=23 (full 0):
 garbage-first heap   total 118784K, used 40148K [0x0000000704000000, 0x0000000800000000)
  region size 2048K, 4 young (8192K), 4 survivors (8192K)
 Metaspace       used 77641K, committed 78464K, reserved 1179648K
  class space    used 11155K, committed 11520K, reserved 1048576K
}

Dll operation events (12 events):
Event: 0.007 Loaded shared library C:\Program Files\Java\jdk-21\bin\java.dll
Event: 0.209 Loaded shared library C:\Program Files\Java\jdk-21\bin\zip.dll
Event: 0.212 Loaded shared library C:\Program Files\Java\jdk-21\bin\instrument.dll
Event: 0.215 Loaded shared library C:\Program Files\Java\jdk-21\bin\net.dll
Event: 0.216 Loaded shared library C:\Program Files\Java\jdk-21\bin\nio.dll
Event: 0.219 Loaded shared library C:\Program Files\Java\jdk-21\bin\zip.dll
Event: 0.327 Loaded shared library C:\Program Files\Java\jdk-21\bin\jimage.dll
Event: 0.357 Loaded shared library C:\Program Files\Java\jdk-21\bin\management.dll
Event: 0.364 Loaded shared library C:\Program Files\Java\jdk-21\bin\management_ext.dll
Event: 0.499 Loaded shared library C:\Program Files\Java\jdk-21\bin\extnet.dll
Event: 0.518 Loaded shared library C:\Program Files\Java\jdk-21\bin\verify.dll
Event: 1.466 Loaded shared library C:\Program Files\Java\jdk-21\bin\sunmscapi.dll

Deoptimization events (20 events):
Event: 13.960 Thread 0x0000016247f3f870 DEOPT PACKING pc=0x00000162731d5a59 sp=0x00000002ea9f8a20
Event: 13.960 Thread 0x0000016247f3f870 DEOPT UNPACKING pc=0x0000016272d388e2 sp=0x00000002ea9f7e78 mode 1
Event: 13.960 Thread 0x0000016247f3f870 DEOPT PACKING pc=0x00000162731bbd2c sp=0x00000002ea9f8ab0
Event: 13.960 Thread 0x0000016247f3f870 DEOPT UNPACKING pc=0x0000016272d388e2 sp=0x00000002ea9f7f58 mode 1
Event: 13.960 Thread 0x0000016247f3f870 DEOPT PACKING pc=0x0000016273176714 sp=0x00000002ea9f9500
Event: 13.960 Thread 0x0000016247f3f870 DEOPT UNPACKING pc=0x0000016272d388e2 sp=0x00000002ea9f89c8 mode 1
Event: 13.960 Thread 0x0000016247f3f870 DEOPT PACKING pc=0x000001627317638c sp=0x00000002ea9f9590
Event: 13.960 Thread 0x0000016247f3f870 DEOPT UNPACKING pc=0x0000016272d388e2 sp=0x00000002ea9f8a68 mode 1
Event: 31.026 Thread 0x0000016245a775d0 DEOPT PACKING pc=0x0000016273b9367c sp=0x00000002eb6fec50
Event: 31.026 Thread 0x0000016245a775d0 DEOPT UNPACKING pc=0x0000016272d388e2 sp=0x00000002eb6fe128 mode 0
Event: 31.034 Thread 0x0000016245a73430 DEOPT PACKING pc=0x0000016273b9367c sp=0x00000002eb7fef40
Event: 31.034 Thread 0x0000016245a72da0 DEOPT PACKING pc=0x0000016273b9367c sp=0x00000002eb8fec90
Event: 31.034 Thread 0x0000016245a73430 DEOPT UNPACKING pc=0x0000016272d388e2 sp=0x00000002eb7fe418 mode 0
Event: 31.034 Thread 0x0000016245a72da0 DEOPT UNPACKING pc=0x0000016272d388e2 sp=0x00000002eb8fe168 mode 0
Event: 31.034 Thread 0x0000016245a74150 DEOPT PACKING pc=0x0000016273b9367c sp=0x00000002ebafe970
Event: 31.034 Thread 0x0000016245a74150 DEOPT UNPACKING pc=0x0000016272d388e2 sp=0x00000002ebafde48 mode 0
Event: 31.034 Thread 0x00000162453eeb90 DEOPT PACKING pc=0x0000016273b9367c sp=0x00000002e9bfe7b0
Event: 31.034 Thread 0x00000162453eeb90 DEOPT UNPACKING pc=0x0000016272d388e2 sp=0x00000002e9bfdc88 mode 0
Event: 93.501 Thread 0x0000016247f3f870 DEOPT PACKING pc=0x00000162739199b4 sp=0x00000002ea9fb910
Event: 93.501 Thread 0x0000016247f3f870 DEOPT UNPACKING pc=0x0000016272d388e2 sp=0x00000002ea9fadb8 mode 0

Classes loaded (20 events):
Event: 13.846 Loading class javax/crypto/spec/SecretKeySpec
Event: 13.846 Loading class javax/crypto/spec/SecretKeySpec done
Event: 13.846 Loading class jdk/internal/access/JavaxCryptoSpecAccess
Event: 13.846 Loading class jdk/internal/access/JavaxCryptoSpecAccess done
Event: 13.849 Loading class java/security/InvalidKeyException
Event: 13.849 Loading class java/security/KeyException
Event: 13.849 Loading class java/security/KeyException done
Event: 13.849 Loading class java/security/InvalidKeyException done
Event: 13.849 Loading class javax/crypto/Mac
Event: 13.849 Loading class javax/crypto/Mac done
Event: 13.849 Loading class com/sun/crypto/provider/HmacCore$HmacSHA512
Event: 13.849 Loading class com/sun/crypto/provider/HmacCore
Event: 13.849 Loading class javax/crypto/MacSpi
Event: 13.850 Loading class javax/crypto/MacSpi done
Event: 13.850 Loading class com/sun/crypto/provider/HmacCore done
Event: 13.850 Loading class com/sun/crypto/provider/HmacCore$HmacSHA512 done
Event: 13.850 Loading class sun/security/provider/SHA5$SHA512
Event: 13.850 Loading class sun/security/provider/SHA5$SHA512 done
Event: 13.962 Loading class jdk/internal/reflect/MethodHandleBooleanFieldAccessorImpl
Event: 13.962 Loading class jdk/internal/reflect/MethodHandleBooleanFieldAccessorImpl done

Classes unloaded (0 events):
No events

Classes redefined (1 events):
Event: 93.517 Thread 0x000001627e3a4ac0 redefined class name=com.example.demo.controller.ChatController, count=1

Internal exceptions (20 events):
Event: 4.349 Thread 0x000001624515b440 Exception <a 'java/lang/IncompatibleClassChangeError'{0x0000000706f86378}: Found class java.lang.Object, but interface was expected> (0x0000000706f86378) 
thrown [s\open\src\hotspot\share\interpreter\linkResolver.cpp, line 840]
Event: 4.449 Thread 0x000001624515b440 Exception <a 'java/lang/IncompatibleClassChangeError'{0x000000070c2ed500}: Found class java.lang.Object, but interface was expected> (0x000000070c2ed500) 
thrown [s\open\src\hotspot\share\interpreter\linkResolver.cpp, line 840]
Event: 4.509 Thread 0x000001624515b440 Exception <a 'java/lang/IncompatibleClassChangeError'{0x00000007088a7cf0}: Found class java.lang.Object, but interface was expected> (0x00000007088a7cf0) 
thrown [s\open\src\hotspot\share\interpreter\linkResolver.cpp, line 840]
Event: 5.097 Thread 0x000001624515b440 Exception <a 'sun/nio/fs/WindowsException'{0x0000000706f47d10}> (0x0000000706f47d10) 
thrown [s\open\src\hotspot\share\prims\jni.cpp, line 520]
Event: 5.134 Thread 0x000001624515b440 Exception <a 'java/lang/NoSuchMethodError'{0x00000007ffcb2138}: 'java.lang.Object java.lang.invoke.DirectMethodHandle$Holder.newInvokeSpecial(java.lang.Object, java.lang.Object, java.lang.Object, java.lang.Object, java.lang.Object, java.lang.Object, java.lang.Object, java.lang.Object)'> (0x00000007ffcb2138) 
thrown [s\open\src\hotspot\share\interpreter\linkResolver.cpp, line 773]
Event: 5.375 Thread 0x000001624515b440 Exception <a 'java/lang/IncompatibleClassChangeError'{0x00000007091a7ae0}: Found class java.lang.Object, but interface was expected> (0x00000007091a7ae0) 
thrown [s\open\src\hotspot\share\interpreter\linkResolver.cpp, line 840]
Event: 5.491 Thread 0x000001624515b440 Exception <a 'java/lang/NoSuchMethodError'{0x000000070832eb10}: 'java.lang.Object java.lang.invoke.DirectMethodHandle$Holder.invokeInterface(java.lang.Object, java.lang.Object, java.lang.Object, java.lang.Object)'> (0x000000070832eb10) 
thrown [s\open\src\hotspot\share\interpreter\linkResolver.cpp, line 773]
Event: 5.531 Thread 0x000001624515b440 Exception <a 'java/lang/NoSuchMethodError'{0x0000000707f5f640}: 'void java.lang.invoke.DirectMethodHandle$Holder.invokeVirtual(java.lang.Object, java.lang.Object, long)'> (0x0000000707f5f640) 
thrown [s\open\src\hotspot\share\interpreter\linkResolver.cpp, line 773]
Event: 5.588 Thread 0x000001624515b440 Exception <a 'java/lang/NoSuchMethodError'{0x0000000707487230}: 'int java.lang.invoke.DirectMethodHandle$Holder.invokeStaticInit(java.lang.Object, java.lang.Object, java.lang.Object, java.lang.Object)'> (0x0000000707487230) 
thrown [s\open\src\hotspot\share\interpreter\linkResolver.cpp, line 773]
Event: 5.660 Thread 0x000001624515b440 Exception <a 'java/lang/IncompatibleClassChangeError'{0x000000070c282f98}: Found class java.lang.Object, but interface was expected> (0x000000070c282f98) 
thrown [s\open\src\hotspot\share\interpreter\linkResolver.cpp, line 840]
Event: 5.755 Thread 0x000001624515b440 Exception <a 'java/lang/NoSuchMethodError'{0x000000070a0ca4a8}: 'java.lang.Object java.lang.invoke.DirectMethodHandle$Holder.newInvokeSpecial(java.lang.Object, java.lang.Object, int, java.lang.Object, java.lang.Object)'> (0x000000070a0ca4a8) 
thrown [s\open\src\hotspot\share\interpreter\linkResolver.cpp, line 773]
Event: 5.755 Thread 0x000001624515b440 Exception <a 'java/lang/NoSuchMethodError'{0x000000070a0d4f78}: 'java.lang.Object java.lang.invoke.DirectMethodHandle$Holder.invokeSpecial(java.lang.Object, java.lang.Object, int, java.lang.Object, int, java.lang.Object)'> (0x000000070a0d4f78) 
thrown [s\open\src\hotspot\share\interpreter\linkResolver.cpp, line 773]
Event: 5.755 Thread 0x000001624515b440 Exception <a 'java/lang/NoSuchMethodError'{0x000000070a0dc348}: 'java.lang.Object java.lang.invoke.DirectMethodHandle$Holder.newInvokeSpecial(java.lang.Object, java.lang.Object, int, java.lang.Object, int)'> (0x000000070a0dc348) 
thrown [s\open\src\hotspot\share\interpreter\linkResolver.cpp, line 773]
Event: 5.755 Thread 0x000001624515b440 Exception <a 'java/lang/NoSuchMethodError'{0x000000070a0e01b8}: 'java.lang.Object java.lang.invoke.DirectMethodHandle$Holder.invokeSpecial(java.lang.Object, java.lang.Object, java.lang.Object, int, java.lang.Object, int)'> (0x000000070a0e01b8) 
thrown [s\open\src\hotspot\share\interpreter\linkResolver.cpp, line 773]
Event: 6.197 Thread 0x0000016245a73430 Exception <a 'java/lang/NoSuchMethodError'{0x0000000709b9c0f0}: 'java.lang.Object java.lang.invoke.DirectMethodHandle$Holder.invokeInterface(java.lang.Object, java.lang.Object, java.lang.Object, java.lang.Object, java.lang.Object, java.lang.Object, java.lang.Object)'> (0x0000000709b9c0f0) 
thrown [s\open\src\hotspot\share\interpreter\linkResolver.cpp, line 773]
Event: 6.197 Thread 0x00000162453eeb90 Exception <a 'java/lang/NoSuchMethodError'{0x0000000709bc7818}: 'java.lang.Object java.lang.invoke.DirectMethodHandle$Holder.invokeInterface(java.lang.Object, java.lang.Object, java.lang.Object, java.lang.Object, java.lang.Object, java.lang.Object, java.lang.Object)'> (0x0000000709bc7818) 
thrown [s\open\src\hotspot\share\interpreter\linkResolver.cpp, line 773]
Event: 13.758 Thread 0x0000016247f39600 Exception <a 'java/lang/NoSuchMethodError'{0x0000000709586d20}: 'java.lang.Object java.lang.invoke.DirectMethodHandle$Holder.invokeSpecial(java.lang.Object, java.lang.Object, java.lang.Object, java.lang.Object, java.lang.Object, long)'> (0x0000000709586d20) 
thrown [s\open\src\hotspot\share\interpreter\linkResolver.cpp, line 773]
Event: 13.758 Thread 0x0000016247f39600 Exception <a 'java/lang/NoSuchMethodError'{0x000000070958a4e0}: 'java.lang.Object java.lang.invoke.Invokers$Holder.linkToTargetMethod(java.lang.Object, java.lang.Object, java.lang.Object, long, java.lang.Object)'> (0x000000070958a4e0) 
thrown [s\open\src\hotspot\share\interpreter\linkResolver.cpp, line 773]
Event: 13.922 Thread 0x0000016247f3f870 Exception <a 'java/lang/NoSuchMethodError'{0x0000000707da6ca8}: 'void java.lang.invoke.DirectMethodHandle$Holder.invokeSpecialIFC(java.lang.Object, java.lang.Object, int, java.lang.Object, java.lang.Object, java.lang.Object, java.lang.Object)'> (0x0000000707da6ca8) 
thrown [s\open\src\hotspot\share\interpreter\linkResolver.cpp, line 773]
Event: 13.954 Thread 0x0000016247f3f870 Exception <a 'java/lang/NoSuchMethodError'{0x000000070767b388}: 'void java.lang.invoke.Invokers$Holder.invokeExact_MT(java.lang.Object, java.lang.Object, int, java.lang.Object)'> (0x000000070767b388) 
thrown [s\open\src\hotspot\share\interpreter\linkResolver.cpp, line 773]

ZGC Phase Switch (0 events):
No events

VM Operations (20 events):
Event: 34.607 Executing VM operation: Cleanup
Event: 34.608 Executing VM operation: Cleanup done
Event: 60.073 Executing VM operation: HandshakeAllThreads (HandshakeForDeflation)
Event: 60.073 Executing VM operation: HandshakeAllThreads (HandshakeForDeflation) done
Event: 60.073 Executing VM operation: RendezvousGCThreads
Event: 60.073 Executing VM operation: RendezvousGCThreads done
Event: 68.163 Executing VM operation: Cleanup
Event: 68.163 Executing VM operation: Cleanup done
Event: 93.424 Executing VM operation: Cleanup
Event: 93.424 Executing VM operation: Cleanup done
Event: 93.445 Executing VM operation: ChangeBreakpoints
Event: 93.445 Executing VM operation: ChangeBreakpoints done
Event: 93.500 Executing VM operation: ChangeSingleStep
Event: 93.500 Executing VM operation: ChangeSingleStep done
Event: 93.501 Executing VM operation: ChangeSingleStep
Event: 93.501 Executing VM operation: ChangeSingleStep done
Event: 93.513 Executing VM operation: RedefineClasses
Event: 93.532 Executing VM operation: RedefineClasses done
Event: 93.534 Executing VM operation: ChangeSingleStep
Event: 93.534 Executing VM operation: ChangeSingleStep done

Events (20 events):
Event: 6.196 Thread 0x0000016245a73430 Thread added: 0x0000016245a73430
Event: 6.197 Thread 0x0000016245a72da0 Thread added: 0x0000016245a72da0
Event: 6.198 Thread 0x0000016245a719f0 Thread added: 0x0000016245a719f0
Event: 6.198 Thread 0x0000016245a74150 Thread added: 0x0000016245a74150
Event: 6.199 Thread 0x0000016245a73ac0 Thread added: 0x0000016245a73ac0
Event: 6.201 Thread 0x0000016247f3f1e0 Thread exited: 0x0000016247f3f1e0
Event: 6.202 Thread 0x0000016245a73ac0 Thread exited: 0x0000016245a73ac0
Event: 7.222 Thread 0x0000016245a719f0 Thread exited: 0x0000016245a719f0
Event: 7.222 Thread 0x0000016247f3a9b0 Thread exited: 0x0000016247f3a9b0
Event: 8.394 Thread 0x00000162453eff40 Thread exited: 0x00000162453eff40
Event: 8.395 Thread 0x0000016245c33b10 Thread exited: 0x0000016245c33b10
Event: 12.576 Thread 0x000001627e648710 Thread exited: 0x000001627e648710
Event: 19.789 Thread 0x000001627e645d70 Thread exited: 0x000001627e645d70
Event: 91.029 Thread 0x0000016247f3ff00 Thread exited: 0x0000016247f3ff00
Event: 91.029 Thread 0x0000016245a775d0 Thread exited: 0x0000016245a775d0
Event: 91.029 Thread 0x0000016245a76f40 Thread exited: 0x0000016245a76f40
Event: 91.029 Thread 0x0000016245352f80 Thread exited: 0x0000016245352f80
Event: 91.044 Thread 0x0000016245a73430 Thread exited: 0x0000016245a73430
Event: 91.044 Thread 0x0000016245a74150 Thread exited: 0x0000016245a74150
Event: 91.044 Thread 0x00000162453eeb90 Thread exited: 0x00000162453eeb90


Dynamic libraries:
0x00007ff62b4e0000 - 0x00007ff62b4f0000 	C:\Program Files\Java\jdk-21\bin\javaw.exe
0x00007ff9c8130000 - 0x00007ff9c8347000 	C:\WINDOWS\SYSTEM32\ntdll.dll
0x00007ff9c65c0000 - 0x00007ff9c6684000 	C:\WINDOWS\System32\KERNEL32.DLL
0x00007ff9c5800000 - 0x00007ff9c5ba7000 	C:\WINDOWS\System32\KERNELBASE.dll
0x00007ff9c5d40000 - 0x00007ff9c5e51000 	C:\WINDOWS\System32\ucrtbase.dll
0x00007ff9ac250000 - 0x00007ff9ac269000 	C:\Program Files\Java\jdk-21\bin\jli.dll
0x00007ff9ba1d0000 - 0x00007ff9ba1eb000 	C:\Program Files\Java\jdk-21\bin\VCRUNTIME140.dll
0x00007ff9c67e0000 - 0x00007ff9c6892000 	C:\WINDOWS\System32\ADVAPI32.dll
0x00007ff9c6260000 - 0x00007ff9c6307000 	C:\WINDOWS\System32\msvcrt.dll
0x00007ff9c6510000 - 0x00007ff9c65b8000 	C:\WINDOWS\System32\sechost.dll
0x00007ff9c5bb0000 - 0x00007ff9c5bd8000 	C:\WINDOWS\System32\bcrypt.dll
0x00007ff9c60f0000 - 0x00007ff9c6205000 	C:\WINDOWS\System32\RPCRT4.dll
0x00007ff9c6310000 - 0x00007ff9c64be000 	C:\WINDOWS\System32\USER32.dll
0x00007ff9c5be0000 - 0x00007ff9c5c06000 	C:\WINDOWS\System32\win32u.dll
0x00007ff9c6210000 - 0x00007ff9c6239000 	C:\WINDOWS\System32\GDI32.dll
0x00007ff9ac540000 - 0x00007ff9ac7d3000 	C:\WINDOWS\WinSxS\amd64_microsoft.windows.common-controls_6595b64144ccf1df_6.0.22621.3527_none_270e469b73872a76\COMCTL32.dll
0x00007ff9c5450000 - 0x00007ff9c5569000 	C:\WINDOWS\System32\gdi32full.dll
0x00007ff9c55f0000 - 0x00007ff9c568a000 	C:\WINDOWS\System32\msvcp_win.dll
0x00007ff9b9a00000 - 0x00007ff9b9a0a000 	C:\WINDOWS\SYSTEM32\VERSION.dll
0x00007ff9c6f10000 - 0x00007ff9c6f41000 	C:\WINDOWS\System32\IMM32.DLL
0x00007ff9ba1c0000 - 0x00007ff9ba1cc000 	C:\Program Files\Java\jdk-21\bin\vcruntime140_1.dll
0x00007ff981230000 - 0x00007ff9812be000 	C:\Program Files\Java\jdk-21\bin\msvcp140.dll
0x00007ff8fb3f0000 - 0x00007ff8fc103000 	C:\Program Files\Java\jdk-21\bin\server\jvm.dll
0x00007ff9c5ec0000 - 0x00007ff9c5f31000 	C:\WINDOWS\System32\WS2_32.dll
0x00007ff9c4290000 - 0x00007ff9c42dd000 	C:\WINDOWS\SYSTEM32\POWRPROF.dll
0x00007ff9ba120000 - 0x00007ff9ba154000 	C:\WINDOWS\SYSTEM32\WINMM.dll
0x00007ff9c4270000 - 0x00007ff9c4283000 	C:\WINDOWS\SYSTEM32\UMPDC.dll
0x00007ff9c4520000 - 0x00007ff9c4538000 	C:\WINDOWS\SYSTEM32\kernel.appcore.dll
0x00007ff9abf90000 - 0x00007ff9abf9a000 	C:\Program Files\Java\jdk-21\bin\jimage.dll
0x00007ff9c2d70000 - 0x00007ff9c2fa3000 	C:\WINDOWS\SYSTEM32\DBGHELP.DLL
0x00007ff9c7d50000 - 0x00007ff9c80d8000 	C:\WINDOWS\System32\combase.dll
0x00007ff9c6700000 - 0x00007ff9c67d7000 	C:\WINDOWS\System32\OLEAUT32.dll
0x00007ff9abae0000 - 0x00007ff9abb12000 	C:\WINDOWS\SYSTEM32\dbgcore.DLL
0x00007ff9c5570000 - 0x00007ff9c55e9000 	C:\WINDOWS\System32\bcryptPrimitives.dll
0x00007ff9a9f90000 - 0x00007ff9a9fcc000 	C:\Program Files\Java\jdk-21\bin\jdwp.dll
0x00007ff9abf80000 - 0x00007ff9abf8f000 	C:\Program Files\Java\jdk-21\bin\instrument.dll
0x00007ff9aaef0000 - 0x00007ff9aaf0f000 	C:\Program Files\Java\jdk-21\bin\java.dll
0x00007ff9c7070000 - 0x00007ff9c78cc000 	C:\WINDOWS\System32\SHELL32.dll
0x00007ff9c3350000 - 0x00007ff9c3c46000 	C:\WINDOWS\SYSTEM32\windows.storage.dll
0x00007ff9c3210000 - 0x00007ff9c334e000 	C:\WINDOWS\SYSTEM32\wintypes.dll
0x00007ff9c5f40000 - 0x00007ff9c6035000 	C:\WINDOWS\System32\SHCORE.dll
0x00007ff9c5e60000 - 0x00007ff9c5ebe000 	C:\WINDOWS\System32\shlwapi.dll
0x00007ff9c5380000 - 0x00007ff9c53a1000 	C:\WINDOWS\SYSTEM32\profapi.dll
0x00007ff9bfdb0000 - 0x00007ff9bfdbc000 	C:\Program Files\Java\jdk-21\bin\dt_socket.dll
0x00007ff9c3f20000 - 0x00007ff9c3f4d000 	C:\WINDOWS\SYSTEM32\IPHLPAPI.DLL
0x00007ff9c4980000 - 0x00007ff9c49e9000 	C:\WINDOWS\system32\mswsock.dll
0x00007ff9c3f50000 - 0x00007ff9c4049000 	C:\WINDOWS\SYSTEM32\DNSAPI.dll
0x00007ff9c7060000 - 0x00007ff9c7069000 	C:\WINDOWS\System32\NSI.dll
0x00007ff9baa30000 - 0x00007ff9baa3a000 	C:\Windows\System32\rasadhlp.dll
0x00007ff9baa40000 - 0x00007ff9baac3000 	C:\WINDOWS\System32\fwpuclnt.dll
0x00007ff9a8cb0000 - 0x00007ff9a8cc8000 	C:\Program Files\Java\jdk-21\bin\zip.dll
0x00007ff9aaee0000 - 0x00007ff9aaef0000 	C:\Program Files\Java\jdk-21\bin\net.dll
0x00007ff9bc470000 - 0x00007ff9bc5a6000 	C:\WINDOWS\SYSTEM32\WINHTTP.dll
0x00007ff98d410000 - 0x00007ff98d426000 	C:\Program Files\Java\jdk-21\bin\nio.dll
0x00007ff98d8b0000 - 0x00007ff98d8ba000 	C:\Program Files\Java\jdk-21\bin\management.dll
0x00007ff98bc30000 - 0x00007ff98bc3b000 	C:\Program Files\Java\jdk-21\bin\management_ext.dll
0x00007ff9c80e0000 - 0x00007ff9c80e8000 	C:\WINDOWS\System32\PSAPI.DLL
0x00007ff9a12f0000 - 0x00007ff9a1307000 	C:\WINDOWS\system32\napinsp.dll
0x00007ff9a1000000 - 0x00007ff9a101b000 	C:\WINDOWS\system32\pnrpnsp.dll
0x00007ff9a0fe0000 - 0x00007ff9a0ff1000 	C:\WINDOWS\System32\winrnr.dll
0x00007ff9ba930000 - 0x00007ff9ba945000 	C:\WINDOWS\system32\wshbth.dll
0x00007ff9a0fb0000 - 0x00007ff9a0fd1000 	C:\WINDOWS\system32\nlansp_c.dll
0x00007ff9c4cd0000 - 0x00007ff9c4ceb000 	C:\WINDOWS\SYSTEM32\CRYPTSP.dll
0x00007ff9c4480000 - 0x00007ff9c44b5000 	C:\WINDOWS\system32\rsaenh.dll
0x00007ff9c4a20000 - 0x00007ff9c4a48000 	C:\WINDOWS\SYSTEM32\USERENV.dll
0x00007ff9c4cb0000 - 0x00007ff9c4cbc000 	C:\WINDOWS\SYSTEM32\CRYPTBASE.dll
0x00007ff9ad5f0000 - 0x00007ff9ad5f7000 	C:\Program Files\Java\jdk-21\bin\extnet.dll
0x00007ff9a8ca0000 - 0x00007ff9a8cb0000 	C:\Program Files\Java\jdk-21\bin\verify.dll
0x00007ff99e9b0000 - 0x00007ff99e9be000 	C:\Program Files\Java\jdk-21\bin\sunmscapi.dll
0x00007ff9c5690000 - 0x00007ff9c57f7000 	C:\WINDOWS\System32\CRYPT32.dll
0x00007ff9c4dd0000 - 0x00007ff9c4dfe000 	C:\WINDOWS\SYSTEM32\ncrypt.dll
0x00007ff9c4d90000 - 0x00007ff9c4dc7000 	C:\WINDOWS\SYSTEM32\NTASN1.dll
0x00007ff994310000 - 0x00007ff994318000 	C:\WINDOWS\system32\wshunix.dll

dbghelp: loaded successfully - version: 4.0.5 - missing functions: none
symbol engine: initialized successfully - sym options: 0x614 - pdb path: .;C:\Program Files\Java\jdk-21\bin;C:\WINDOWS\SYSTEM32;C:\WINDOWS\WinSxS\amd64_microsoft.windows.common-controls_6595b64144ccf1df_6.0.22621.3527_none_270e469b73872a76;C:\Program Files\Java\jdk-21\bin\server

VM Arguments:
jvm_args: -XX:+ShowCodeDetailsInExceptionMessages -agentlib:jdwp=transport=dt_socket,suspend=y,address=localhost:61955 -Dcom.sun.management.jmxremote -Dcom.sun.management.jmxremote.port=61954 -Dcom.sun.management.jmxremote.authenticate=false -Dcom.sun.management.jmxremote.ssl=false -Djava.rmi.server.hostname=localhost -Dspring.jmx.enabled=true -Dmanagement.endpoints.jmx.exposure.include=* -Dspring.application.admin.enabled=true -XX:TieredStopAtLevel=1 -Dspring.boot.project.name=PayCar -javaagent:C:\Users\buhgo\eclipse\jee-2022-125\eclipse\configuration\org.eclipse.osgi\1367\0\.cp\lib\javaagent-shaded.jar -Dfile.encoding=UTF-8 -Dstdout.encoding=UTF-8 -Dstderr.encoding=UTF-8 
java_command: com.example.demo.PayCarApplication --spring.output.ansi.enabled=always
java_class_path (initial): C:\Users\buhgo\git\paycar\PayCar\target\classes;C:\Users\buhgo\.m2\repository\org\springframework\boot\spring-boot-starter-data-jpa\3.2.4\spring-boot-starter-data-jpa-3.2.4.jar;C:\Users\buhgo\.m2\repository\org\springframework\boot\spring-boot-starter-aop\3.2.4\spring-boot-starter-aop-3.2.4.jar;C:\Users\buhgo\.m2\repository\org\aspectj\aspectjweaver\1.9.21\aspectjweaver-1.9.21.jar;C:\Users\buhgo\.m2\repository\org\springframework\boot\spring-boot-starter-jdbc\3.2.4\spring-boot-starter-jdbc-3.2.4.jar;C:\Users\buhgo\.m2\repository\com\zaxxer\HikariCP\5.0.1\HikariCP-5.0.1.jar;C:\Users\buhgo\.m2\repository\org\springframework\spring-jdbc\6.1.5\spring-jdbc-6.1.5.jar;C:\Users\buhgo\.m2\repository\org\hibernate\orm\hibernate-core\6.4.4.Final\hibernate-core-6.4.4.Final.jar;C:\Users\buhgo\.m2\repository\jakarta\persistence\jakarta.persistence-api\3.1.0\jakarta.persistence-api-3.1.0.jar;C:\Users\buhgo\.m2\repository\jakarta\transaction\jakarta.transaction-api\2.0.1\jakarta.transaction-api-2.0.1.jar;C:\Users\buhgo\.m2\repository\org\hibernate\common\hibernate-commons-annotations\6.0.6.Final\hibernate-commons-annotations-6.0.6.Final.jar;C:\Users\buhgo\.m2\repository\io\smallrye\jandex\3.1.2\jandex-3.1.2.jar;C:\Users\buhgo\.m2\repository\net\bytebuddy\byte-buddy\1.14.12\byte-buddy-1.14.12.jar;C:\Users\buhgo\.m2\repository\org\glassfish\jaxb\jaxb-runtime\4.0.5\jaxb-runtime-4.0.5.jar;C:\Users\buhgo\.m2\repository\org\glassfish\jaxb\jaxb-core\4.0.5\jaxb-core-4.0.5.jar;C:\Users\buhgo\.m2\repository\org\eclipse\angus\angus-activation\2.0.2\angus-activation-2.0.2.jar;C:\Users\buhgo\.m2\repository\org\glassfish\jaxb\txw2\4.0.5\txw2-4.0.5.jar;C:\Users\buhgo\.m2\repository\com\sun\istack\istack-commons-runtime\4.1.2\istack-commons-runtime-4.1.2.jar;C:\Users\buhgo\.m2\repository\jakarta\inject\jakarta.inject-api\2.0.1\jakarta.inject-api-2.0.1.jar;C:\Users\buhgo\.m2\repository\org\antlr\antlr4-runtime\4.13.0\antlr4-runtime-4.13.0.jar;C:\Users\buhgo\.m2\repository\org\springframework\data\spring-data-jpa\3.2.4\spring-data-jpa-3.2.4.jar;C:\Users\buhgo\.m2\repository\org\springframework\data\spring-data-commons\3.2.4\spring-data-commons-3.2.4.jar;C:\Users\buhgo\.m2\repository\org\springframework\spring-orm\6.1.5\spring-orm-6.1.5.jar;C:\Users\buhgo\.m2\repository\org\springframework\spring-context\6.1.5\spring-context-6.1.5.jar;C:\Users\buhgo\.m2\repository\org\springframework\spring-tx\6.1.5\spring-tx-6.1.5.jar;C:\Users\buhgo\.m2\repository\org\springframework\spring-beans\6.1.5\spring-beans-6.1.5.jar;C:\Users\buhgo\.m2\repository\jakarta\annotation\jakarta.annotation-api\2.1.1\jakarta.annotation-api-2.1.1.jar;C:\Users\buhgo\.m2\repository\org\springframework\spring-aspects\6.1.5\spring-aspects-6.1.5.jar;C:\Users\buhgo\.m2\repository\org\springframework\boot\spring-boot-starter-thymeleaf\3.2.4\spring-boot-starter-thymeleaf-3.2.4.jar;C:\Users\buhgo\.m2\repository\org\springframework\boot\spring-boot-starter\3.2.4\spring-boot-starter-3.2.4.jar;C:\Users\buhgo\.m2\repository\org\springframework\boot\spring-boot-starter-logging\3.2.4\spring-boot-starter-logging-3.2.4.jar;C:\Users\buhgo\.m2\repository\ch\qos\logback\logback-classic\1.4.14\logback-classic-1.4.14.jar;C:\Users\buhgo\.m2\repository\ch\qos\logback\logback-core\1.4.14\logback-core-1.4.14.jar;C:\Users\buhgo\.m2\repository\org\apache\logging\log4j\log4j-to-slf4j\2.21.1\log4j-to-slf4j-2.21.1.jar;C:\Users\buhgo\.m2\repository\org\apache\logging\log4j\log4j-api\2.21.1\log4j-api-2.21.1.jar;C:\Users\buhgo\.m2\repository\org\slf4j\jul-to-slf4j\2.0.12\jul-to-slf4j-2.0.12.jar;C:\Users\buhgo\.m2\repository\org\yaml\snakeyaml\2.2\snakeyaml-2.2.jar;C:\Users\buhgo\.m2\repository\org\thymeleaf\thymeleaf-spring6\3.1.2.RELEASE\thymeleaf-spring6-3.1.2.RELEASE.jar;C:\Users\buhgo\.m2\repository\org\thymeleaf\thymeleaf\3.1.2.RELEASE\thymeleaf-3.1.2.RELEASE.jar;C:\Users\buhgo\.m2\repository\org\attoparser\attoparser\2.0.7.RELEASE\attoparser-2.0.7.RELEASE.jar;C:\Users\buhgo\.m2\repository\org\unbescape\unbescape\1.1.6.RELEASE\unbescape-1.1.6.RELEASE.jar;C:\Users\buhgo\.m2\repository\org\springframework\boot\spring-boot-starter-web\3.2.4\spring-boot-starter-web-3.2.4.jar;C:\Users\buhgo\.m2\repository\org\springframework\boot\spring-boot-starter-json\3.2.4\spring-boot-starter-json-3.2.4.jar;C:\Users\buhgo\.m2\repository\com\fasterxml\jackson\datatype\jackson-datatype-jdk8\2.15.4\jackson-datatype-jdk8-2.15.4.jar;C:\Users\buhgo\.m2\repository\com\fasterxml\jackson\datatype\jackson-datatype-jsr310\2.15.4\jackson-datatype-jsr310-2.15.4.jar;C:\Users\buhgo\.m2\repository\com\fasterxml\jackson\module\jackson-module-parameter-names\2.15.4\jackson-module-parameter-names-2.15.4.jar;C:\Users\buhgo\.m2\repository\org\springframework\boot\spring-boot-starter-tomcat\3.2.4\spring-boot-starter-tomcat-3.2.4.jar;C:\Users\buhgo\.m2\repository\org\apache\tomcat\embed\tomcat-embed-core\10.1.19\tomcat-embed-core-10.1.19.jar;C:\Users\buhgo\.m2\repository\org\apache\tomcat\embed\tomcat-embed-el\10.1.19\tomcat-embed-el-10.1.19.jar;C:\Users\buhgo\.m2\repository\org\apache\tomcat\embed\tomcat-embed-websocket\10.1.19\tomcat-embed-websocket-10.1.19.jar;C:\Users\buhgo\.m2\repository\org\springframework\spring-web\6.1.5\spring-web-6.1.5.jar;C:\Users\buhgo\.m2\repository\io\micrometer\micrometer-observation\1.12.4\micrometer-observation-1.12.4.jar;C:\Users\buhgo\.m2\repository\io\micrometer\micrometer-commons\1.12.4\micrometer-commons-1.12.4.jar;C:\Users\buhgo\.m2\repository\org\springframework\spring-webmvc\6.1.5\spring-webmvc-6.1.5.jar;C:\Users\buhgo\.m2\repository\org\springframework\spring-expression\6.1.5\spring-expression-6.1.5.jar;C:\Users\buhgo\.m2\repository\jakarta\xml\bind\jakarta.xml.bind-api\4.0.2\jakarta.xml.bind-api-4.0.2.jar;C:\Users\buhgo\.m2\repository\jakarta\activation\jakarta.activation-api\2.1.3\jakarta.activation-api-2.1.3.jar;C:\Users\buhgo\.m2\repository\org\springframework\spring-core\6.1.5\spring-core-6.1.5.jar;C:\Users\buhgo\.m2\repository\org\springframework\spring-jcl\6.1.5\spring-jcl-6.1.5.jar;C:\Users\buhgo\.m2\repository\org\springframework\boot\spring-boot-devtools\3.2.4\spring-boot-devtools-3.2.4.jar;C:\Users\buhgo\.m2\repository\org\springframework\boot\spring-boot\3.2.4\spring-boot-3.2.4.jar;C:\Users\buhgo\.m2\repository\org\springframework\boot\spring-boot-autoconfigure\3.2.4\spring-boot-autoconfigure-3.2.4.jar;C:\Users\buhgo\.m2\repository\com\mysql\mysql-connector-j\8.3.0\mysql-connector-j-8.3.0.jar;C:\Users\buhgo\.m2\repository\org\projectlombok\lombok\1.18.30\lombok-1.18.30.jar;C:\Users\buhgo\.m2\repository\org\springframework\boot\spring-boot-starter-security\3.2.4\spring-boot-starter-security-3.2.4.jar;C:\Users\buhgo\.m2\repository\org\springframework\spring-aop\6.1.5\spring-aop-6.1.5.jar;C:\Users\buhgo\.m2\repository\org\springframework\security\spring-security-config\6.2.3\spring-security-config-6.2.3.jar;C:\Users\buhgo\.m2\repository\org\springframework\security\spring-security-web\6.2.3\spring-security-web-6.2.3.jar;C:\Users\buhgo\.m2\repository\org\springframework\security\spring-security-core\6.2.3\spring-security-core-6.2.3.jar;C:\Users\buhgo\.m2\repository\org\springframework\security\spring-security-crypto\6.2.3\spring-security-crypto-6.2.3.jar;C:\Users\buhgo\.m2\repository\org\thymeleaf\extras\thymeleaf-extras-springsecurity6\3.1.1.RELEASE\thymeleaf-extras-springsecurity6-3.1.1.RELEASE.jar;C:\Users\buhgo\.m2\repository\org\slf4j\slf4j-api\2.0.12\slf4j-api-2.0.12.jar;C:\Users\buhgo\.m2\repository\org\modelmapper\modelmapper\3.0.0\modelmapper-3.0.0.jar;C:\Users\buhgo\.m2\repository\org\hibernate\validator\hibernate-validator\8.0.1.Final\hibernate-validator-8.0.1.Final.jar;C:\Users\buhgo\.m2\repository\jakarta\validation\jakarta.validation-api\3.0.2\jakarta.validation-api-3.0.2.jar;C:\Users\buhgo\.m2\repository\org\jboss\logging\jboss-logging\3.5.3.Final\jboss-logging-3.5.3.Final.jar;C:\Users\buhgo\.m2\repository\com\fasterxml\classmate\1.6.0\classmate-1.6.0.jar;C:\Users\buhgo\.m2\repository\org\webjars\bootstrap\5.3.2\bootstrap-5.3.2.jar;C:\Users\buhgo\.m2\repository\org\webjars\jquery\3.7.1\jquery-3.7.1.jar;C:\Users\buhgo\.m2\repository\org\webjars\animate.css\3.7.2\animate.css-3.7.2.jar;C:\Users\buhgo\.m2\repository\org\webjars\font-awesome\6.4.2\font-awesome-6.4.2.jar;C:\Users\buhgo\.m2\repository\io\jsonwebtoken\jjwt\0.9.0\jjwt-0.9.0.jar;C:\Users\buhgo\.m2\repository\com\fasterxml\jackson\core\jackson-databind\2.15.4\jackson-databind-2.15.4.jar;C:\Users\buhgo\.m2\repository\com\fasterxml\jackson\core\jackson-annotations\2.15.4\jackson-annotations-2.15.4.jar;C:\Users\buhgo\.m2\repository\com\fasterxml\jackson\core\jackson-core\2.15.4\jackson-core-2.15.4.jar;C:\Users\buhgo\.m2\repository\org\json\json\20160810\json-20160810.jar;C:\Users\buhgo\.m2\repository\javax\xml\bind\jaxb-api\2.3.0\jaxb-api-2.3.0.jar
Launcher Type: SUN_STANDARD

[Global flags]
     intx CICompilerCount                          = 4                                         {product} {ergonomic}
     uint ConcGCThreads                            = 3                                         {product} {ergonomic}
     uint G1ConcRefinementThreads                  = 10                                        {product} {ergonomic}
   size_t G1HeapRegionSize                         = 2097152                                   {product} {ergonomic}
    uintx GCDrainStackTargetSize                   = 64                                        {product} {ergonomic}
   size_t InitialHeapSize                          = 264241152                                 {product} {ergonomic}
     bool ManagementServer                         = true                                      {product} {command line}
   size_t MarkStackSize                            = 4194304                                   {product} {ergonomic}
   size_t MaxHeapSize                              = 4227858432                                {product} {ergonomic}
   size_t MaxNewSize                               = 2535456768                                {product} {ergonomic}
   size_t MinHeapDeltaBytes                        = 2097152                                   {product} {ergonomic}
   size_t MinHeapSize                              = 8388608                                   {product} {ergonomic}
    uintx NonNMethodCodeHeapSize                   = 4096                                   {pd product} {ergonomic}
    uintx NonProfiledCodeHeapSize                  = 0                                      {pd product} {ergonomic}
     bool ProfileInterpreter                       = false                                  {pd product} {command line}
    uintx ProfiledCodeHeapSize                     = 0                                      {pd product} {ergonomic}
     bool ShowCodeDetailsInExceptionMessages       = true                                   {manageable} {command line}
   size_t SoftMaxHeapSize                          = 4227858432                             {manageable} {ergonomic}
     intx TieredStopAtLevel                        = 1                                         {product} {command line}
     bool UseCompressedOops                        = true                           {product lp64_product} {ergonomic}
     bool UseG1GC                                  = true                                      {product} {ergonomic}
     bool UseLargePagesIndividualAllocation        = false                                  {pd product} {ergonomic}

Logging:
Log output configuration:
 #0: stdout all=warning uptime,level,tags foldmultilines=false
 #1: stderr all=off uptime,level,tags foldmultilines=false

Environment Variables:
PATH=C:\oraclexe\app\oracle\product\11.2.0\server\bin;C:\Program Files\Common Files\Oracle\Java\javapath;C:\WINDOWS\system32;C:\WINDOWS;C:\WINDOWS\System32\Wbem;C:\WINDOWS\System32\WindowsPowerShell\v1.0\;C:\WINDOWS\System32\OpenSSH\;C:\Program Files\NVIDIA Corporation\NVIDIA NvDLISR;C:\Program Files\Java\jdk-19\bin;C:\Program Files (x86)\nodejs\;C:\Program Files (x86)\NVIDIA Corporation\PhysX\Common;C:\Program Files\Git\cmd;C:\xampp\php;C:\composer;C:\Flutter\flutter\bin;C:\Program Files (x86)\Windows Kits\10\Windows Performance Toolkit\;C:\Program Files\Docker\Docker\resources\bin;C:\Program Files\PuTTY\;C:\Program Files\dotnet\;C:\Users\buhgo\AppData\Local\Programs\Python\Python311\Scripts\;C:\Users\buhgo\AppData\Local\Programs\Python\Python311\;C:\Users\buhgo\AppData\Local\Microsoft\WindowsApps;C:\Users\buhgo\AppData\Local\Programs\Microsoft VS Code\bin;C:\Users\buhgo\AppData\Roaming\npm;C:\Users\buhgo\AppData\Roaming\Composer\vendor\bin;C:\Users\buhgo\AppData\Local\GitHubDesktop\bin
USERNAME=buhgo
OS=Windows_NT
PROCESSOR_IDENTIFIER=Intel64 Family 6 Model 141 Stepping 1, GenuineIntel
TMP=C:\Users\buhgo\AppData\Local\Temp
TEMP=C:\Users\buhgo\AppData\Local\Temp




---------------  S Y S T E M  ---------------

OS:
 Windows 11 , 64 bit Build 22621 (10.0.22621.3527)
OS uptime: 12 days 2:53 hours
Hyper-V role detected

CPU: total 12 (initial active 12) (6 cores per cpu, 2 threads per core) family 6 model 141 stepping 1 microcode 0x34, cx8, cmov, fxsr, ht, mmx, 3dnowpref, sse, sse2, sse3, ssse3, sse4.1, sse4.2, popcnt, lzcnt, tsc, tscinvbit, avx, avx2, aes, erms, clmul, bmi1, bmi2, adx, avx512f, avx512dq, avx512cd, avx512bw, avx512vl, sha, fma, vzeroupper, avx512_vpopcntdq, avx512_vpclmulqdq, avx512_vaes, avx512_vnni, clflush, clflushopt, clwb, avx512_vbmi2, avx512_vbmi, hv, rdtscp, rdpid, fsrm, gfni, avx512_bitalg, f16c, cet_ibt, cet_ss, avx512_ifma
Processor Information for all 12 processors :
  Max Mhz: 2688, Current Mhz: 2688, Mhz Limit: 2688

Memory: 4k page, system-wide physical 16122M (3110M free)
TotalPageFile size 31482M (AvailPageFile size 8395M)
current process WorkingSet (physical memory assigned to process): 303M, peak: 303M
current process commit charge ("private bytes"): 347M, peak: 384M

vm_info: Java HotSpot(TM) 64-Bit Server VM (21+35-LTS-2513) for windows-amd64 JRE (21+35-LTS-2513), built on 2023-08-09T20:25:10Z by "mach5one" with MS VC++ 17.1 (VS2022)

END.
